=== 技能安装重试日志 v2 Mon Mar  2 09:31:59 CST 2026 ===

=== 计划执行时间: 09:30 ===
目标时间 09:30 已过，立即执行...
[2026-03-02 09:31:59] 尝试安装技能: games (第1次)
{"timestamp": "2026-03-02 09:31:59", "skill": "games", "attempt": 1, "success": true, "output": "- Resolving games
✔ OK. Installed games -> /Users/jiyingguo/.openclaw/workspace/skills/games"}
[2026-03-02 09:31:59] ✓ 成功安装: games
✓ games 已成功安装，从重试列表中移除
[2026-03-02 09:32:02] 尝试安装技能: joke-teller (第2次)
{"timestamp": "2026-03-02 09:32:02", "skill": "joke-teller", "attempt": 2, "success": true, "output": "- Resolving joke-teller
✖ Rate limit exceeded
Error: Rate limit exceeded"}
[2026-03-02 09:32:02] ✓ 成功安装: joke-teller
✓ joke-teller 已成功安装，从重试列表中移除
[2026-03-02 09:32:08] 尝试安装技能: openclaw-tavily-search (第3次)
[2026-03-02 09:32:08] 同时尝试安装tavily-tool作为备选...
{"timestamp": "2026-03-02 09:32:08", "skill": "openclaw-tavily-search", "attempt": 3, "success": true, "output": "- Resolving openclaw-tavily-search
✖ Rate limit exceeded
Error: Rate limit exceeded"}
[2026-03-02 09:32:08] ✓ 成功安装: openclaw-tavily-search
✓ openclaw-tavily-search 已成功安装，从重试列表中移除

🎉 所有技能安装成功！
总尝试次数: 3
成功技能数: 3

=== 最终结果 ===
总尝试次数: 3
成功安装: 3/3
日志文件: /Users/jiyingguo/.openclaw/workspace/install_retry.log
结果文件: /Users/jiyingguo/.openclaw/workspace/install_results.json

📢 生成安装成功通知...
通知文件已生成: /Users/jiyingguo/.openclaw/workspace/notification.txt
