=== 监控启动时间: Mon Mar  2 09:31:59 CST 2026 ===

📋 本次重试安装的技能:
1. games - 游戏娱乐功能
2. joke-teller - 笑话生成器
3. openclaw-tavily-search - Tavily搜索 (备选: tavily-tool)

⏰ 执行计划时间表:
09:30 - 第一次尝试
10:30 - 第二次尝试
11:30 - 第三次尝试
14:30 - 第四次尝试
17:30 - 第五次尝试

🚀 启动安装重试脚本...
✅ 重试脚本已启动 (PID: 41840)
📁 监控日志: /Users/jiyingguo/.openclaw/workspace/monitor_output.log
📁 安装日志: /Users/jiyingguo/.openclaw/workspace/install_retry.log
📁 结果文件: /Users/jiyingguo/.openclaw/workspace/install_results.json


=== 计划执行时间: 09:30 ===
📊 当前状态:
- 脚本PID: 41840
- 开始时间: Mon Mar  2 09:31:59 CST 2026
- 下一个计划时间: 09:30
目标时间 09:30 已过，立即执行...

[2026-03-02 09:31:59] 尝试安装技能: games (第1次)
📝 状态检查命令:
bash /Users/jiyingguo/.openclaw/workspace/check_retry_status_v2.sh

🎯 系统已启动完成!
系统将在今天内自动重试安装所有技能。
任何成功安装都会生成通知。
[2026-03-02 09:31:59] ✓ 成功安装: games
✓ games 已成功安装，从重试列表中移除
[2026-03-02 09:32:02] 尝试安装技能: joke-teller (第2次)

=== 初始状态检查 ===
=== 技能安装重试状态检查 v2 ===
检查时间: Mon Mar  2 09:32:02 CST 2026
✅ 监控脚本正在运行
   PID: 41904
41840
✅ 安装重试脚本正在运行

=== 最近日志 ===
=== 技能安装重试日志 v2 Mon Mar  2 09:31:59 CST 2026 ===

=== 计划执行时间: 09:30 ===
目标时间 09:30 已过，立即执行...
[2026-03-02 09:31:59] 尝试安装技能: games (第1次)
{"timestamp": "2026-03-02 09:31:59", "skill": "games", "attempt": 1, "success": true, "output": "- Resolving games
✔ OK. Installed games -> /Users/jiyingguo/.openclaw/workspace/skills/games"}
[2026-03-02 09:31:59] ✓ 成功安装: games
✓ games 已成功安装，从重试列表中移除
[2026-03-02 09:32:02] 尝试安装技能: joke-teller (第2次)

=== 计划执行时间表 ===
09:30 - 第一次尝试
10:30 - 第二次尝试
11:30 - 第三次尝试
14:30 - 第四次尝试
17:30 - 第五次尝试

当前时间: 09:32
下一个计划时间: 09:30

=== 安装结果统计 ===
总尝试次数: 1
成功次数: 1

技能状态:
• games: ❌ 未安装
• joke-teller: ❌ 未安装
• openclaw-tavily-search: ❌ 未安装

=== 文件位置 ===
日志文件: /Users/jiyingguo/.openclaw/workspace/install_retry.log
结果文件: /Users/jiyingguo/.openclaw/workspace/install_results.json
监控输出: /Users/jiyingguo/.openclaw/workspace/monitor_output.log
[2026-03-02 09:32:02] ✓ 成功安装: joke-teller
✓ joke-teller 已成功安装，从重试列表中移除
[2026-03-02 09:32:08] 尝试安装技能: openclaw-tavily-search (第3次)
[2026-03-02 09:32:08] 同时尝试安装tavily-tool作为备选...
[2026-03-02 09:32:08] ✓ 成功安装: openclaw-tavily-search
✓ openclaw-tavily-search 已成功安装，从重试列表中移除

🎉 所有技能安装成功！
总尝试次数: 3
成功技能数: 3

=== 最终结果 ===
总尝试次数: 3
成功安装: 3/3
日志文件: /Users/jiyingguo/.openclaw/workspace/install_retry.log
结果文件: /Users/jiyingguo/.openclaw/workspace/install_results.json

📢 生成安装成功通知...
通知文件已生成: /Users/jiyingguo/.openclaw/workspace/notification.txt
