=== 监控启动时间: Mon Mar  2 09:36:48 CST 2026 ===

📋 本次重试安装的技能:
1. joke-teller - 笑话生成器
2. openclaw-tavily-search - Tavily搜索 (备选: tavily-tool)
3. multi-search-engine - 多搜索引擎 (备选: multi-search-engine-2)

⏰ 执行计划时间表:
09:40 - 第一次尝试
10:30 - 第二次尝试
11:30 - 第三次尝试
14:30 - 第四次尝试
17:30 - 第五次尝试

🚀 启动安装重试脚本...
✅ 重试脚本已启动 (PID: 42136)
📁 监控日志: /Users/jiyingguo/.openclaw/workspace/monitor_output_v3.log
📁 安装日志: /Users/jiyingguo/.openclaw/workspace/install_retry_v3.log

📁 结果文件: /Users/jiyingguo/.openclaw/workspace/install_results_v3.json
📋 本次重试安装的技能:

1. joke-teller
📊 当前状态:
2. openclaw-tavily-search
- 脚本PID: 42136
3. multi-search-engine
- 开始时间: Mon Mar  2 09:36:48 CST 2026

- 下一个计划时间: 09:40
=== 计划执行时间: 09:40 ===

📝 状态检查命令:
bash /Users/jiyingguo/.openclaw/workspace/check_retry_status_v3.sh
等待 240 秒直到 09:40...

🎯 系统已启动完成!
系统将在今天内自动重试安装所有技能。
任何成功安装都会生成通知。

=== 初始状态检查 ===
=== 技能安装重试状态检查 v3 ===
检查时间: Mon Mar  2 09:36:52 CST 2026
✅ 监控脚本正在运行
   PID: 42136
✅ 安装重试脚本正在运行

=== 最近日志 ===
=== 技能安装重试日志 v3 Mon Mar  2 09:36:48 CST 2026 ===

📋 本次重试安装的技能:
1. joke-teller
2. openclaw-tavily-search
3. multi-search-engine

=== 计划执行时间: 09:40 ===
等待 240 秒直到 09:40...

=== 计划执行时间表 ===
09:40 - 第一次尝试
10:30 - 第二次尝试
11:30 - 第三次尝试
14:30 - 第四次尝试
17:30 - 第五次尝试

当前时间: 09:36
下一个计划时间: 09:40

=== 安装结果统计 ===
总尝试次数: 0
0
成功次数: 0
0

技能状态:
• joke-teller: ❌ 未安装
• openclaw-tavily-search: ❌ 未安装
• multi-search-engine: ❌ 未安装

=== 已成功安装的技能 ===
office-xyz  1.0.0
find-skills-robin  0.1.0
games  1.0.0

=== 文件位置 ===
日志文件: /Users/jiyingguo/.openclaw/workspace/install_retry_v3.log
结果文件: /Users/jiyingguo/.openclaw/workspace/install_results_v3.json
监控输出: /Users/jiyingguo/.openclaw/workspace/monitor_output_v3.log
