=== 华为昇腾生态日报邮件发送日志 ===
发送时间: 2026-03-17 07:31:50
收件人: 86940135@qq.com,jiyingguo@huawei.com
主题: 🚀 华为昇腾生态日报 - 2026年3月17日
报告文件: /Users/jiyingguo/.openclaw/workspace/news_summaries/ascend_news_2026-03-17.md
文件大小:     6967 字节
行数:      177 行

报告摘要:
# 🚀 华为昇腾生态日报 - 2026年3月17日

## 📊 今日概览
- 精选动态：8条（中文6条，英文2条）
- 覆盖领域：芯片/软件栈/生态/应用
- 质量评级：⭐⭐⭐⭐

---

## 🎯 重磅发布

### 1. 昇腾910C AI芯片正式发布
**📰 来源**：华为官方 | **⏰ 发布时间**：2026年3月16日 | **🌐 语言**：中

**📝 核心内容**：
华为正式发布昇腾910C AI芯片，这是昇腾910系列的第三代产品，采用7nm+工艺制程，单芯片算力达到1024 TFLOPS（FP16），相比前代提升40%。

**🔧 技术要点**：
- 涉及产品：昇腾910C AI芯片
- 技术亮点：集成新一代达芬奇架构核心，支持混合精度计算
...
