华为昇腾新闻监控任务执行报告
==========================================
任务ID: cron:a1b2c3d4-e5f6-7890-abcd-ef1234567890
执行时间: 2026-03-14 07:30:00 (北京时间)
完成时间: 2026-03-14 07:32:15

📊 任务执行概览
---------------
✅ 搜索任务完成:
   - 中文搜索: 5条结果 (Tavily API)
   - 英文搜索: 5条结果 (Tavily API)
   - 总搜索结果: 10条

✅ 报告生成完成:
   - 报告文件: ascend_news_2026-03-14.md
   - 文件大小: 4,070字节
   - 报告结构: 完整包含8个动态

✅ 邮件发送完成:
   - 发件人: 86940135@qq.com
   - 收件人: 86940135@qq.com, jiyingguo@huawei.com
   - 发送状态: ✅ 成功

📝 报告内容摘要
---------------
1. 华为Ascend 910C: 2026年计划生产60万颗AI芯片
2. 智谱AI GLM-5: 完全基于华为昇腾芯片训练的前沿大模型
3. 华为公布3年昇腾AI芯片路线图，950系列2026年发布
4. 中国电信成功训练完全基于华为AI芯片的MoE模型
5. 昇腾算子开发与模型迁移实战
6. 中国AI芯片IPO热潮中的华为主导地位
7. CANN全面开源挑战CUDA生态垄断
8. MindSpore自定义算子开发实战

🔍 数据来源
----------
- Tavily Search API (中英文搜索)
- 华为官方及技术社区
- 国际技术媒体分析
- 开发者社区实战分享

📈 趋势洞察
----------
华为昇腾生态在2026年展现出强劲发展势头：
1. 产能扩张: Ascend 910C芯片2026年计划产量达60万颗
2. 技术突破: 国产硬件栈已具备训练前沿大模型能力
3. 生态成熟: 从芯片到应用的全栈解决方案逐渐完善

🎯 任务状态: ✅ 完全成功
==========================================